  Lab12.4.cpp
C:\Users\Oleg\source\repos\Lab12.4\Lab12.4\Lab12.4.cpp(31,10): warning C4566: character represented by universal-character-name '\u0412' cannot be represented in the current code page (1252)
C:\Users\Oleg\source\repos\Lab12.4\Lab12.4\Lab12.4.cpp(31,10): warning C4566: character represented by universal-character-name '\u0438' cannot be represented in the current code page (1252)
C:\Users\Oleg\source\repos\Lab12.4\Lab12.4\Lab12.4.cpp(31,10): warning C4566: character represented by universal-character-name '\u0431' cannot be represented in the current code page (1252)
C:\Users\Oleg\source\repos\Lab12.4\Lab12.4\Lab12.4.cpp(31,10): warning C4566: character represented by universal-character-name '\u0435' cannot be represented in the current code page (1252)
C:\Users\Oleg\source\repos\Lab12.4\Lab12.4\Lab12.4.cpp(31,10): warning C4566: character represented by universal-character-name '\u0440' cannot be represented in the current code page (1252)
C:\Users\Oleg\source\repos\Lab12.4\Lab12.4\Lab12.4.cpp(31,10): warning C4566: character represented by universal-character-name '\u0456' cannot be represented in the current code page (1252)
C:\Users\Oleg\source\repos\Lab12.4\Lab12.4\Lab12.4.cpp(31,10): warning C4566: character represented by universal-character-name '\u0442' cannot be represented in the current code page (1252)
C:\Users\Oleg\source\repos\Lab12.4\Lab12.4\Lab12.4.cpp(31,10): warning C4566: character represented by universal-character-name '\u044C' cannot be represented in the current code page (1252)
C:\Users\Oleg\source\repos\Lab12.4\Lab12.4\Lab12.4.cpp(31,10): warning C4566: character represented by universal-character-name '\u0436' cannot be represented in the current code page (1252)
C:\Users\Oleg\source\repos\Lab12.4\Lab12.4\Lab12.4.cpp(31,10): warning C4566: character represented by universal-character-name '\u043C' cannot be represented in the current code page (1252)
C:\Users\Oleg\source\repos\Lab12.4\Lab12.4\Lab12.4.cpp(31,10): warning C4566: character represented by universal-character-name '\u043E' cannot be represented in the current code page (1252)
C:\Users\Oleg\source\repos\Lab12.4\Lab12.4\Lab12.4.cpp(32,10): warning C4566: character represented by universal-character-name '\u0406' cannot be represented in the current code page (1252)
C:\Users\Oleg\source\repos\Lab12.4\Lab12.4\Lab12.4.cpp(32,10): warning C4566: character represented by universal-character-name '\u0442' cannot be represented in the current code page (1252)
C:\Users\Oleg\source\repos\Lab12.4\Lab12.4\Lab12.4.cpp(32,10): warning C4566: character represented by universal-character-name '\u0435' cannot be represented in the current code page (1252)
C:\Users\Oleg\source\repos\Lab12.4\Lab12.4\Lab12.4.cpp(32,10): warning C4566: character represented by universal-character-name '\u0440' cannot be represented in the current code page (1252)
C:\Users\Oleg\source\repos\Lab12.4\Lab12.4\Lab12.4.cpp(32,10): warning C4566: character represented by universal-character-name '\u0430' cannot be represented in the current code page (1252)
C:\Users\Oleg\source\repos\Lab12.4\Lab12.4\Lab12.4.cpp(32,10): warning C4566: character represented by universal-character-name '\u0446' cannot be represented in the current code page (1252)
C:\Users\Oleg\source\repos\Lab12.4\Lab12.4\Lab12.4.cpp(32,10): warning C4566: character represented by universal-character-name '\u0456' cannot be represented in the current code page (1252)
C:\Users\Oleg\source\repos\Lab12.4\Lab12.4\Lab12.4.cpp(32,10): warning C4566: character represented by universal-character-name '\u0439' cannot be represented in the current code page (1252)
C:\Users\Oleg\source\repos\Lab12.4\Lab12.4\Lab12.4.cpp(32,10): warning C4566: character represented by universal-character-name '\u043D' cannot be represented in the current code page (1252)
C:\Users\Oleg\source\repos\Lab12.4\Lab12.4\Lab12.4.cpp(32,10): warning C4566: character represented by universal-character-name '\u0441' cannot be represented in the current code page (1252)
C:\Users\Oleg\source\repos\Lab12.4\Lab12.4\Lab12.4.cpp(32,10): warning C4566: character represented by universal-character-name '\u0432' cannot be represented in the current code page (1252)
C:\Users\Oleg\source\repos\Lab12.4\Lab12.4\Lab12.4.cpp(32,10): warning C4566: character represented by universal-character-name '\u043E' cannot be represented in the current code page (1252)
C:\Users\Oleg\source\repos\Lab12.4\Lab12.4\Lab12.4.cpp(32,10): warning C4566: character represented by universal-character-name '\u044F' cannot be represented in the current code page (1252)
C:\Users\Oleg\source\repos\Lab12.4\Lab12.4\Lab12.4.cpp(32,10): warning C4566: character represented by universal-character-name '\u043A' cannot be represented in the current code page (1252)
C:\Users\Oleg\source\repos\Lab12.4\Lab12.4\Lab12.4.cpp(32,10): warning C4566: character represented by universal-character-name '\u043B' cannot be represented in the current code page (1252)
C:\Users\Oleg\source\repos\Lab12.4\Lab12.4\Lab12.4.cpp(32,10): warning C4566: character represented by universal-character-name '\u044C' cannot be represented in the current code page (1252)
C:\Users\Oleg\source\repos\Lab12.4\Lab12.4\Lab12.4.cpp(32,10): warning C4566: character represented by universal-character-name '\u0433' cannot be represented in the current code page (1252)
C:\Users\Oleg\source\repos\Lab12.4\Lab12.4\Lab12.4.cpp(32,10): warning C4566: character represented by universal-character-name '\u043F' cannot be represented in the current code page (1252)
C:\Users\Oleg\source\repos\Lab12.4\Lab12.4\Lab12.4.cpp(32,10): warning C4566: character represented by universal-character-name '\u0438' cannot be represented in the current code page (1252)
C:\Users\Oleg\source\repos\Lab12.4\Lab12.4\Lab12.4.cpp(32,10): warning C4566: character represented by universal-character-name '\u0443' cannot be represented in the current code page (1252)
C:\Users\Oleg\source\repos\Lab12.4\Lab12.4\Lab12.4.cpp(33,10): warning C4566: character represented by universal-character-name '\u0406' cannot be represented in the current code page (1252)
C:\Users\Oleg\source\repos\Lab12.4\Lab12.4\Lab12.4.cpp(33,10): warning C4566: character represented by universal-character-name '\u0442' cannot be represented in the current code page (1252)
C:\Users\Oleg\source\repos\Lab12.4\Lab12.4\Lab12.4.cpp(33,10): warning C4566: character represented by universal-character-name '\u0435' cannot be represented in the current code page (1252)
C:\Users\Oleg\source\repos\Lab12.4\Lab12.4\Lab12.4.cpp(33,10): warning C4566: character represented by universal-character-name '\u0440' cannot be represented in the current code page (1252)
C:\Users\Oleg\source\repos\Lab12.4\Lab12.4\Lab12.4.cpp(33,10): warning C4566: character represented by universal-character-name '\u0430' cannot be represented in the current code page (1252)
C:\Users\Oleg\source\repos\Lab12.4\Lab12.4\Lab12.4.cpp(33,10): warning C4566: character represented by universal-character-name '\u0446' cannot be represented in the current code page (1252)
C:\Users\Oleg\source\repos\Lab12.4\Lab12.4\Lab12.4.cpp(33,10): warning C4566: character represented by universal-character-name '\u0456' cannot be represented in the current code page (1252)
C:\Users\Oleg\source\repos\Lab12.4\Lab12.4\Lab12.4.cpp(33,10): warning C4566: character represented by universal-character-name '\u0439' cannot be represented in the current code page (1252)
C:\Users\Oleg\source\repos\Lab12.4\Lab12.4\Lab12.4.cpp(33,10): warning C4566: character represented by universal-character-name '\u043D' cannot be represented in the current code page (1252)
C:\Users\Oleg\source\repos\Lab12.4\Lab12.4\Lab12.4.cpp(33,10): warning C4566: character represented by universal-character-name '\u0438' cannot be represented in the current code page (1252)
C:\Users\Oleg\source\repos\Lab12.4\Lab12.4\Lab12.4.cpp(33,10): warning C4566: character represented by universal-character-name '\u043F' cannot be represented in the current code page (1252)
C:\Users\Oleg\source\repos\Lab12.4\Lab12.4\Lab12.4.cpp(33,10): warning C4566: character represented by universal-character-name '\u0433' cannot be represented in the current code page (1252)
C:\Users\Oleg\source\repos\Lab12.4\Lab12.4\Lab12.4.cpp(33,10): warning C4566: character represented by universal-character-name '\u043B' cannot be represented in the current code page (1252)
C:\Users\Oleg\source\repos\Lab12.4\Lab12.4\Lab12.4.cpp(33,10): warning C4566: character represented by universal-character-name '\u044F' cannot be represented in the current code page (1252)
C:\Users\Oleg\source\repos\Lab12.4\Lab12.4\Lab12.4.cpp(33,10): warning C4566: character represented by universal-character-name '\u0434' cannot be represented in the current code page (1252)
C:\Users\Oleg\source\repos\Lab12.4\Lab12.4\Lab12.4.cpp(33,10): warning C4566: character represented by universal-character-name '\u043A' cannot be represented in the current code page (1252)
C:\Users\Oleg\source\repos\Lab12.4\Lab12.4\Lab12.4.cpp(33,10): warning C4566: character represented by universal-character-name '\u044C' cannot be represented in the current code page (1252)
C:\Users\Oleg\source\repos\Lab12.4\Lab12.4\Lab12.4.cpp(33,10): warning C4566: character represented by universal-character-name '\u0432' cannot be represented in the current code page (1252)
C:\Users\Oleg\source\repos\Lab12.4\Lab12.4\Lab12.4.cpp(33,10): warning C4566: character represented by universal-character-name '\u043E' cannot be represented in the current code page (1252)
C:\Users\Oleg\source\repos\Lab12.4\Lab12.4\Lab12.4.cpp(33,10): warning C4566: character represented by universal-character-name '\u0441' cannot be represented in the current code page (1252)
C:\Users\Oleg\source\repos\Lab12.4\Lab12.4\Lab12.4.cpp(33,10): warning C4566: character represented by universal-character-name '\u0443' cannot be represented in the current code page (1252)
C:\Users\Oleg\source\repos\Lab12.4\Lab12.4\Lab12.4.cpp(34,10): warning C4566: character represented by universal-character-name '\u0420' cannot be represented in the current code page (1252)
C:\Users\Oleg\source\repos\Lab12.4\Lab12.4\Lab12.4.cpp(34,10): warning C4566: character represented by universal-character-name '\u0435' cannot be represented in the current code page (1252)
C:\Users\Oleg\source\repos\Lab12.4\Lab12.4\Lab12.4.cpp(34,10): warning C4566: character represented by universal-character-name '\u043A' cannot be represented in the current code page (1252)
C:\Users\Oleg\source\repos\Lab12.4\Lab12.4\Lab12.4.cpp(34,10): warning C4566: character represented by universal-character-name '\u0443' cannot be represented in the current code page (1252)
C:\Users\Oleg\source\repos\Lab12.4\Lab12.4\Lab12.4.cpp(34,10): warning C4566: character represented by universal-character-name '\u0440' cannot be represented in the current code page (1252)
C:\Users\Oleg\source\repos\Lab12.4\Lab12.4\Lab12.4.cpp(34,10): warning C4566: character represented by universal-character-name '\u0441' cannot be represented in the current code page (1252)
C:\Users\Oleg\source\repos\Lab12.4\Lab12.4\Lab12.4.cpp(34,10): warning C4566: character represented by universal-character-name '\u0438' cannot be represented in the current code page (1252)
C:\Users\Oleg\source\repos\Lab12.4\Lab12.4\Lab12.4.cpp(34,10): warning C4566: character represented by universal-character-name '\u0432' cannot be represented in the current code page (1252)
C:\Users\Oleg\source\repos\Lab12.4\Lab12.4\Lab12.4.cpp(34,10): warning C4566: character represented by universal-character-name '\u043D' cannot be represented in the current code page (1252)
C:\Users\Oleg\source\repos\Lab12.4\Lab12.4\Lab12.4.cpp(34,10): warning C4566: character represented by universal-character-name '\u0442' cannot be represented in the current code page (1252)
C:\Users\Oleg\source\repos\Lab12.4\Lab12.4\Lab12.4.cpp(34,10): warning C4566: character represented by universal-character-name '\u043E' cannot be represented in the current code page (1252)
C:\Users\Oleg\source\repos\Lab12.4\Lab12.4\Lab12.4.cpp(34,10): warning C4566: character represented by universal-character-name '\u044F' cannot be represented in the current code page (1252)
C:\Users\Oleg\source\repos\Lab12.4\Lab12.4\Lab12.4.cpp(34,10): warning C4566: character represented by universal-character-name '\u0456' cannot be represented in the current code page (1252)
C:\Users\Oleg\source\repos\Lab12.4\Lab12.4\Lab12.4.cpp(34,10): warning C4566: character represented by universal-character-name '\u043B' cannot be represented in the current code page (1252)
C:\Users\Oleg\source\repos\Lab12.4\Lab12.4\Lab12.4.cpp(34,10): warning C4566: character represented by universal-character-name '\u044C' cannot be represented in the current code page (1252)
C:\Users\Oleg\source\repos\Lab12.4\Lab12.4\Lab12.4.cpp(34,10): warning C4566: character represented by universal-character-name '\u0446' cannot be represented in the current code page (1252)
C:\Users\Oleg\source\repos\Lab12.4\Lab12.4\Lab12.4.cpp(34,10): warning C4566: character represented by universal-character-name '\u0433' cannot be represented in the current code page (1252)
C:\Users\Oleg\source\repos\Lab12.4\Lab12.4\Lab12.4.cpp(34,10): warning C4566: character represented by universal-character-name '\u043F' cannot be represented in the current code page (1252)
C:\Users\Oleg\source\repos\Lab12.4\Lab12.4\Lab12.4.cpp(35,10): warning C4566: character represented by universal-character-name '\u0420' cannot be represented in the current code page (1252)
C:\Users\Oleg\source\repos\Lab12.4\Lab12.4\Lab12.4.cpp(35,10): warning C4566: character represented by universal-character-name '\u0435' cannot be represented in the current code page (1252)
C:\Users\Oleg\source\repos\Lab12.4\Lab12.4\Lab12.4.cpp(35,10): warning C4566: character represented by universal-character-name '\u043A' cannot be represented in the current code page (1252)
C:\Users\Oleg\source\repos\Lab12.4\Lab12.4\Lab12.4.cpp(35,10): warning C4566: character represented by universal-character-name '\u0443' cannot be represented in the current code page (1252)
C:\Users\Oleg\source\repos\Lab12.4\Lab12.4\Lab12.4.cpp(35,10): warning C4566: character represented by universal-character-name '\u0440' cannot be represented in the current code page (1252)
C:\Users\Oleg\source\repos\Lab12.4\Lab12.4\Lab12.4.cpp(35,10): warning C4566: character represented by universal-character-name '\u0441' cannot be represented in the current code page (1252)
C:\Users\Oleg\source\repos\Lab12.4\Lab12.4\Lab12.4.cpp(35,10): warning C4566: character represented by universal-character-name '\u0438' cannot be represented in the current code page (1252)
C:\Users\Oleg\source\repos\Lab12.4\Lab12.4\Lab12.4.cpp(35,10): warning C4566: character represented by universal-character-name '\u0432' cannot be represented in the current code page (1252)
C:\Users\Oleg\source\repos\Lab12.4\Lab12.4\Lab12.4.cpp(35,10): warning C4566: character represented by universal-character-name '\u043D' cannot be represented in the current code page (1252)
C:\Users\Oleg\source\repos\Lab12.4\Lab12.4\Lab12.4.cpp(35,10): warning C4566: character represented by universal-character-name '\u0439' cannot be represented in the current code page (1252)
C:\Users\Oleg\source\repos\Lab12.4\Lab12.4\Lab12.4.cpp(35,10): warning C4566: character represented by universal-character-name '\u043F' cannot be represented in the current code page (1252)
C:\Users\Oleg\source\repos\Lab12.4\Lab12.4\Lab12.4.cpp(35,10): warning C4566: character represented by universal-character-name '\u0433' cannot be represented in the current code page (1252)
C:\Users\Oleg\source\repos\Lab12.4\Lab12.4\Lab12.4.cpp(35,10): warning C4566: character represented by universal-character-name '\u043B' cannot be represented in the current code page (1252)
C:\Users\Oleg\source\repos\Lab12.4\Lab12.4\Lab12.4.cpp(35,10): warning C4566: character represented by universal-character-name '\u044F' cannot be represented in the current code page (1252)
C:\Users\Oleg\source\repos\Lab12.4\Lab12.4\Lab12.4.cpp(35,10): warning C4566: character represented by universal-character-name '\u0434' cannot be represented in the current code page (1252)
C:\Users\Oleg\source\repos\Lab12.4\Lab12.4\Lab12.4.cpp(35,10): warning C4566: character represented by universal-character-name '\u0456' cannot be represented in the current code page (1252)
C:\Users\Oleg\source\repos\Lab12.4\Lab12.4\Lab12.4.cpp(35,10): warning C4566: character represented by universal-character-name '\u044C' cannot be represented in the current code page (1252)
C:\Users\Oleg\source\repos\Lab12.4\Lab12.4\Lab12.4.cpp(35,10): warning C4566: character represented by universal-character-name '\u0446' cannot be represented in the current code page (1252)
C:\Users\Oleg\source\repos\Lab12.4\Lab12.4\Lab12.4.cpp(35,10): warning C4566: character represented by universal-character-name '\u043E' cannot be represented in the current code page (1252)
C:\Users\Oleg\source\repos\Lab12.4\Lab12.4\Lab12.4.cpp(36,10): warning C4566: character represented by universal-character-name '\u0406' cannot be represented in the current code page (1252)
C:\Users\Oleg\source\repos\Lab12.4\Lab12.4\Lab12.4.cpp(36,10): warning C4566: character represented by universal-character-name '\u0442' cannot be represented in the current code page (1252)
C:\Users\Oleg\source\repos\Lab12.4\Lab12.4\Lab12.4.cpp(36,10): warning C4566: character represented by universal-character-name '\u0435' cannot be represented in the current code page (1252)
C:\Users\Oleg\source\repos\Lab12.4\Lab12.4\Lab12.4.cpp(36,10): warning C4566: character represented by universal-character-name '\u0440' cannot be represented in the current code page (1252)
C:\Users\Oleg\source\repos\Lab12.4\Lab12.4\Lab12.4.cpp(36,10): warning C4566: character represented by universal-character-name '\u0430' cannot be represented in the current code page (1252)
C:\Users\Oleg\source\repos\Lab12.4\Lab12.4\Lab12.4.cpp(36,10): warning C4566: character represented by universal-character-name '\u0446' cannot be represented in the current code page (1252)
C:\Users\Oleg\source\repos\Lab12.4\Lab12.4\Lab12.4.cpp(36,10): warning C4566: character represented by universal-character-name '\u0456' cannot be represented in the current code page (1252)
C:\Users\Oleg\source\repos\Lab12.4\Lab12.4\Lab12.4.cpp(36,10): warning C4566: character represented by universal-character-name '\u0439' cannot be represented in the current code page (1252)
C:\Users\Oleg\source\repos\Lab12.4\Lab12.4\Lab12.4.cpp(36,10): warning C4566: character represented by universal-character-name '\u043D' cannot be represented in the current code page (1252)
C:\Users\Oleg\source\repos\Lab12.4\Lab12.4\Lab12.4.cpp(36,10): warning C4566: character represented by universal-character-name '\u0432' cannot be represented in the current code page (1252)
C:\Users\Oleg\source\repos\Lab12.4\Lab12.4\Lab12.4.cpp(36,10): warning C4566: character represented by universal-character-name '\u0438' cannot be represented in the current code page (1252)
C:\Users\Oleg\source\repos\Lab12.4\Lab12.4\Lab12.4.cpp(36,10): warning C4566: character represented by universal-character-name '\u043B' cannot be represented in the current code page (1252)
C:\Users\Oleg\source\repos\Lab12.4\Lab12.4\Lab12.4.cpp(36,10): warning C4566: character represented by universal-character-name '\u0443' cannot be represented in the current code page (1252)
C:\Users\Oleg\source\repos\Lab12.4\Lab12.4\Lab12.4.cpp(36,10): warning C4566: character represented by universal-character-name '\u0447' cannot be represented in the current code page (1252)
C:\Users\Oleg\source\repos\Lab12.4\Lab12.4\Lab12.4.cpp(36,10): warning C4566: character represented by universal-character-name '\u044F' cannot be represented in the current code page (1252)
C:\Users\Oleg\source\repos\Lab12.4\Lab12.4\Lab12.4.cpp(36,10): warning C4566: character represented by universal-character-name '\u043C' cannot be represented in the current code page (1252)
C:\Users\Oleg\source\repos\Lab12.4\Lab12.4\Lab12.4.cpp(36,10): warning C4566: character represented by universal-character-name '\u043A' cannot be represented in the current code page (1252)
C:\Users\Oleg\source\repos\Lab12.4\Lab12.4\Lab12.4.cpp(36,10): warning C4566: character represented by universal-character-name '\u044C' cannot be represented in the current code page (1252)
C:\Users\Oleg\source\repos\Lab12.4\Lab12.4\Lab12.4.cpp(36,10): warning C4566: character represented by universal-character-name '\u043E' cannot be represented in the current code page (1252)
C:\Users\Oleg\source\repos\Lab12.4\Lab12.4\Lab12.4.cpp(36,10): warning C4566: character represented by universal-character-name '\u0433' cannot be represented in the current code page (1252)
C:\Users\Oleg\source\repos\Lab12.4\Lab12.4\Lab12.4.cpp(36,10): warning C4566: character represented by universal-character-name '\u0441' cannot be represented in the current code page (1252)
C:\Users\Oleg\source\repos\Lab12.4\Lab12.4\Lab12.4.cpp(36,10): warning C4566: character represented by universal-character-name '\u043F' cannot be represented in the current code page (1252)
C:\Users\Oleg\source\repos\Lab12.4\Lab12.4\Lab12.4.cpp(37,10): warning C4566: character represented by universal-character-name '\u0420' cannot be represented in the current code page (1252)
C:\Users\Oleg\source\repos\Lab12.4\Lab12.4\Lab12.4.cpp(37,10): warning C4566: character represented by universal-character-name '\u0435' cannot be represented in the current code page (1252)
C:\Users\Oleg\source\repos\Lab12.4\Lab12.4\Lab12.4.cpp(37,10): warning C4566: character represented by universal-character-name '\u043A' cannot be represented in the current code page (1252)
C:\Users\Oleg\source\repos\Lab12.4\Lab12.4\Lab12.4.cpp(37,10): warning C4566: character represented by universal-character-name '\u0443' cannot be represented in the current code page (1252)
C:\Users\Oleg\source\repos\Lab12.4\Lab12.4\Lab12.4.cpp(37,10): warning C4566: character represented by universal-character-name '\u0440' cannot be represented in the current code page (1252)
C:\Users\Oleg\source\repos\Lab12.4\Lab12.4\Lab12.4.cpp(37,10): warning C4566: character represented by universal-character-name '\u0441' cannot be represented in the current code page (1252)
C:\Users\Oleg\source\repos\Lab12.4\Lab12.4\Lab12.4.cpp(37,10): warning C4566: character represented by universal-character-name '\u0438' cannot be represented in the current code page (1252)
C:\Users\Oleg\source\repos\Lab12.4\Lab12.4\Lab12.4.cpp(37,10): warning C4566: character represented by universal-character-name '\u0432' cannot be represented in the current code page (1252)
C:\Users\Oleg\source\repos\Lab12.4\Lab12.4\Lab12.4.cpp(37,10): warning C4566: character represented by universal-character-name '\u043D' cannot be represented in the current code page (1252)
C:\Users\Oleg\source\repos\Lab12.4\Lab12.4\Lab12.4.cpp(37,10): warning C4566: character represented by universal-character-name '\u043B' cannot be represented in the current code page (1252)
C:\Users\Oleg\source\repos\Lab12.4\Lab12.4\Lab12.4.cpp(37,10): warning C4566: character represented by universal-character-name '\u0447' cannot be represented in the current code page (1252)
C:\Users\Oleg\source\repos\Lab12.4\Lab12.4\Lab12.4.cpp(37,10): warning C4566: character represented by universal-character-name '\u044F' cannot be represented in the current code page (1252)
C:\Users\Oleg\source\repos\Lab12.4\Lab12.4\Lab12.4.cpp(37,10): warning C4566: character represented by universal-character-name '\u043C' cannot be represented in the current code page (1252)
C:\Users\Oleg\source\repos\Lab12.4\Lab12.4\Lab12.4.cpp(37,10): warning C4566: character represented by universal-character-name '\u0442' cannot be represented in the current code page (1252)
C:\Users\Oleg\source\repos\Lab12.4\Lab12.4\Lab12.4.cpp(37,10): warning C4566: character represented by universal-character-name '\u0456' cannot be represented in the current code page (1252)
C:\Users\Oleg\source\repos\Lab12.4\Lab12.4\Lab12.4.cpp(37,10): warning C4566: character represented by universal-character-name '\u044C' cannot be represented in the current code page (1252)
C:\Users\Oleg\source\repos\Lab12.4\Lab12.4\Lab12.4.cpp(37,10): warning C4566: character represented by universal-character-name '\u0446' cannot be represented in the current code page (1252)
C:\Users\Oleg\source\repos\Lab12.4\Lab12.4\Lab12.4.cpp(37,10): warning C4566: character represented by universal-character-name '\u043E' cannot be represented in the current code page (1252)
C:\Users\Oleg\source\repos\Lab12.4\Lab12.4\Lab12.4.cpp(37,10): warning C4566: character represented by universal-character-name '\u0433' cannot be represented in the current code page (1252)
C:\Users\Oleg\source\repos\Lab12.4\Lab12.4\Lab12.4.cpp(37,10): warning C4566: character represented by universal-character-name '\u043F' cannot be represented in the current code page (1252)
C:\Users\Oleg\source\repos\Lab12.4\Lab12.4\Lab12.4.cpp(38,10): warning C4566: character represented by universal-character-name '\u0412' cannot be represented in the current code page (1252)
C:\Users\Oleg\source\repos\Lab12.4\Lab12.4\Lab12.4.cpp(38,10): warning C4566: character represented by universal-character-name '\u0438' cannot be represented in the current code page (1252)
C:\Users\Oleg\source\repos\Lab12.4\Lab12.4\Lab12.4.cpp(38,10): warning C4566: character represented by universal-character-name '\u0445' cannot be represented in the current code page (1252)
C:\Users\Oleg\source\repos\Lab12.4\Lab12.4\Lab12.4.cpp(38,10): warning C4566: character represented by universal-character-name '\u0456' cannot be represented in the current code page (1252)
C:\Users\Oleg\source\repos\Lab12.4\Lab12.4\Lab12.4.cpp(38,10): warning C4566: character represented by universal-character-name '\u0434' cannot be represented in the current code page (1252)
C:\Users\Oleg\source\repos\Lab12.4\Lab12.4\Lab12.4.cpp(51,10): warning C4566: character represented by universal-character-name '\u0417' cannot be represented in the current code page (1252)
C:\Users\Oleg\source\repos\Lab12.4\Lab12.4\Lab12.4.cpp(51,10): warning C4566: character represented by universal-character-name '\u0430' cannot be represented in the current code page (1252)
C:\Users\Oleg\source\repos\Lab12.4\Lab12.4\Lab12.4.cpp(51,10): warning C4566: character represented by universal-character-name '\u0434' cannot be represented in the current code page (1252)
C:\Users\Oleg\source\repos\Lab12.4\Lab12.4\Lab12.4.cpp(51,10): warning C4566: character represented by universal-character-name '\u0439' cannot be represented in the current code page (1252)
C:\Users\Oleg\source\repos\Lab12.4\Lab12.4\Lab12.4.cpp(51,10): warning C4566: character represented by universal-character-name '\u0442' cannot be represented in the current code page (1252)
C:\Users\Oleg\source\repos\Lab12.4\Lab12.4\Lab12.4.cpp(51,10): warning C4566: character represented by universal-character-name '\u0435' cannot be represented in the current code page (1252)
C:\Users\Oleg\source\repos\Lab12.4\Lab12.4\Lab12.4.cpp(51,10): warning C4566: character represented by universal-character-name '\u043A' cannot be represented in the current code page (1252)
C:\Users\Oleg\source\repos\Lab12.4\Lab12.4\Lab12.4.cpp(51,10): warning C4566: character represented by universal-character-name '\u0456' cannot be represented in the current code page (1252)
C:\Users\Oleg\source\repos\Lab12.4\Lab12.4\Lab12.4.cpp(51,10): warning C4566: character represented by universal-character-name '\u043B' cannot be represented in the current code page (1252)
C:\Users\Oleg\source\repos\Lab12.4\Lab12.4\Lab12.4.cpp(51,10): warning C4566: character represented by universal-character-name '\u044C' cannot be represented in the current code page (1252)
C:\Users\Oleg\source\repos\Lab12.4\Lab12.4\Lab12.4.cpp(51,10): warning C4566: character represented by universal-character-name '\u0441' cannot be represented in the current code page (1252)
C:\Users\Oleg\source\repos\Lab12.4\Lab12.4\Lab12.4.cpp(51,10): warning C4566: character represented by universal-character-name '\u043C' cannot be represented in the current code page (1252)
C:\Users\Oleg\source\repos\Lab12.4\Lab12.4\Lab12.4.cpp(51,10): warning C4566: character represented by universal-character-name '\u043D' cannot be represented in the current code page (1252)
C:\Users\Oleg\source\repos\Lab12.4\Lab12.4\Lab12.4.cpp(51,10): warning C4566: character represented by universal-character-name '\u0443' cannot be represented in the current code page (1252)
C:\Users\Oleg\source\repos\Lab12.4\Lab12.4\Lab12.4.cpp(51,10): warning C4566: character represented by universal-character-name '\u043F' cannot be represented in the current code page (1252)
C:\Users\Oleg\source\repos\Lab12.4\Lab12.4\Lab12.4.cpp(51,10): warning C4566: character represented by universal-character-name '\u0438' cannot be represented in the current code page (1252)
C:\Users\Oleg\source\repos\Lab12.4\Lab12.4\Lab12.4.cpp(52,10): warning C4566: character represented by universal-character-name '\u0417' cannot be represented in the current code page (1252)
C:\Users\Oleg\source\repos\Lab12.4\Lab12.4\Lab12.4.cpp(52,10): warning C4566: character represented by universal-character-name '\u0430' cannot be represented in the current code page (1252)
C:\Users\Oleg\source\repos\Lab12.4\Lab12.4\Lab12.4.cpp(52,10): warning C4566: character represented by universal-character-name '\u0434' cannot be represented in the current code page (1252)
C:\Users\Oleg\source\repos\Lab12.4\Lab12.4\Lab12.4.cpp(52,10): warning C4566: character represented by universal-character-name '\u0439' cannot be represented in the current code page (1252)
C:\Users\Oleg\source\repos\Lab12.4\Lab12.4\Lab12.4.cpp(52,10): warning C4566: character represented by universal-character-name '\u0442' cannot be represented in the current code page (1252)
C:\Users\Oleg\source\repos\Lab12.4\Lab12.4\Lab12.4.cpp(52,10): warning C4566: character represented by universal-character-name '\u0435' cannot be represented in the current code page (1252)
C:\Users\Oleg\source\repos\Lab12.4\Lab12.4\Lab12.4.cpp(52,10): warning C4566: character represented by universal-character-name '\u0447' cannot be represented in the current code page (1252)
C:\Users\Oleg\source\repos\Lab12.4\Lab12.4\Lab12.4.cpp(52,10): warning C4566: character represented by universal-character-name '\u0438' cannot be represented in the current code page (1252)
C:\Users\Oleg\source\repos\Lab12.4\Lab12.4\Lab12.4.cpp(52,10): warning C4566: character represented by universal-character-name '\u0441' cannot be represented in the current code page (1252)
C:\Users\Oleg\source\repos\Lab12.4\Lab12.4\Lab12.4.cpp(52,10): warning C4566: character represented by universal-character-name '\u043B' cannot be represented in the current code page (1252)
C:\Users\Oleg\source\repos\Lab12.4\Lab12.4\Lab12.4.cpp(52,10): warning C4566: character represented by universal-character-name '\u043E' cannot be represented in the current code page (1252)
C:\Users\Oleg\source\repos\Lab12.4\Lab12.4\Lab12.4.cpp(52,10): warning C4566: character represented by universal-character-name '\u043D' cannot be represented in the current code page (1252)
C:\Users\Oleg\source\repos\Lab12.4\Lab12.4\Lab12.4.cpp(52,10): warning C4566: character represented by universal-character-name '\u044F' cannot be represented in the current code page (1252)
C:\Users\Oleg\source\repos\Lab12.4\Lab12.4\Lab12.4.cpp(52,10): warning C4566: character represented by universal-character-name '\u043A' cannot be represented in the current code page (1252)
C:\Users\Oleg\source\repos\Lab12.4\Lab12.4\Lab12.4.cpp(52,10): warning C4566: character represented by universal-character-name '\u0431' cannot be represented in the current code page (1252)
C:\Users\Oleg\source\repos\Lab12.4\Lab12.4\Lab12.4.cpp(52,10): warning C4566: character represented by universal-character-name '\u0443' cannot be represented in the current code page (1252)
C:\Users\Oleg\source\repos\Lab12.4\Lab12.4\Lab12.4.cpp(52,10): warning C4566: character represented by universal-character-name '\u043C' cannot be represented in the current code page (1252)
C:\Users\Oleg\source\repos\Lab12.4\Lab12.4\Lab12.4.cpp(52,10): warning C4566: character represented by universal-character-name '\u0437' cannot be represented in the current code page (1252)
C:\Users\Oleg\source\repos\Lab12.4\Lab12.4\Lab12.4.cpp(52,10): warning C4566: character represented by universal-character-name '\u0448' cannot be represented in the current code page (1252)
C:\Users\Oleg\source\repos\Lab12.4\Lab12.4\Lab12.4.cpp(52,10): warning C4566: character represented by universal-character-name '\u0432' cannot be represented in the current code page (1252)
C:\Users\Oleg\source\repos\Lab12.4\Lab12.4\Lab12.4.cpp(83,11): warning C4566: character represented by universal-character-name '\u0412' cannot be represented in the current code page (1252)
C:\Users\Oleg\source\repos\Lab12.4\Lab12.4\Lab12.4.cpp(83,11): warning C4566: character represented by universal-character-name '\u0432' cannot be represented in the current code page (1252)
C:\Users\Oleg\source\repos\Lab12.4\Lab12.4\Lab12.4.cpp(83,11): warning C4566: character represented by universal-character-name '\u0435' cannot be represented in the current code page (1252)
C:\Users\Oleg\source\repos\Lab12.4\Lab12.4\Lab12.4.cpp(83,11): warning C4566: character represented by universal-character-name '\u0434' cannot be represented in the current code page (1252)
C:\Users\Oleg\source\repos\Lab12.4\Lab12.4\Lab12.4.cpp(83,11): warning C4566: character represented by universal-character-name '\u0456' cannot be represented in the current code page (1252)
C:\Users\Oleg\source\repos\Lab12.4\Lab12.4\Lab12.4.cpp(83,11): warning C4566: character represented by universal-character-name '\u0442' cannot be represented in the current code page (1252)
C:\Users\Oleg\source\repos\Lab12.4\Lab12.4\Lab12.4.cpp(83,11): warning C4566: character represented by universal-character-name '\u044C' cannot be represented in the current code page (1252)
C:\Users\Oleg\source\repos\Lab12.4\Lab12.4\Lab12.4.cpp(83,11): warning C4566: character represented by universal-character-name '\u0437' cannot be represented in the current code page (1252)
C:\Users\Oleg\source\repos\Lab12.4\Lab12.4\Lab12.4.cpp(83,11): warning C4566: character represented by universal-character-name '\u043D' cannot be represented in the current code page (1252)
C:\Users\Oleg\source\repos\Lab12.4\Lab12.4\Lab12.4.cpp(83,11): warning C4566: character represented by universal-character-name '\u0430' cannot be represented in the current code page (1252)
C:\Users\Oleg\source\repos\Lab12.4\Lab12.4\Lab12.4.cpp(83,11): warning C4566: character represented by universal-character-name '\u0447' cannot be represented in the current code page (1252)
C:\Users\Oleg\source\repos\Lab12.4\Lab12.4\Lab12.4.cpp(83,11): warning C4566: character represented by universal-character-name '\u044F' cannot be represented in the current code page (1252)
C:\Users\Oleg\source\repos\Lab12.4\Lab12.4\Lab12.4.cpp(109,11): warning C4566: character represented by universal-character-name '\u0412' cannot be represented in the current code page (1252)
C:\Users\Oleg\source\repos\Lab12.4\Lab12.4\Lab12.4.cpp(109,11): warning C4566: character represented by universal-character-name '\u0432' cannot be represented in the current code page (1252)
C:\Users\Oleg\source\repos\Lab12.4\Lab12.4\Lab12.4.cpp(109,11): warning C4566: character represented by universal-character-name '\u0435' cannot be represented in the current code page (1252)
C:\Users\Oleg\source\repos\Lab12.4\Lab12.4\Lab12.4.cpp(109,11): warning C4566: character represented by universal-character-name '\u0434' cannot be represented in the current code page (1252)
C:\Users\Oleg\source\repos\Lab12.4\Lab12.4\Lab12.4.cpp(109,11): warning C4566: character represented by universal-character-name '\u0456' cannot be represented in the current code page (1252)
C:\Users\Oleg\source\repos\Lab12.4\Lab12.4\Lab12.4.cpp(109,11): warning C4566: character represented by universal-character-name '\u0442' cannot be represented in the current code page (1252)
C:\Users\Oleg\source\repos\Lab12.4\Lab12.4\Lab12.4.cpp(109,11): warning C4566: character represented by universal-character-name '\u044C' cannot be represented in the current code page (1252)
C:\Users\Oleg\source\repos\Lab12.4\Lab12.4\Lab12.4.cpp(109,11): warning C4566: character represented by universal-character-name '\u0437' cannot be represented in the current code page (1252)
C:\Users\Oleg\source\repos\Lab12.4\Lab12.4\Lab12.4.cpp(109,11): warning C4566: character represented by universal-character-name '\u043D' cannot be represented in the current code page (1252)
C:\Users\Oleg\source\repos\Lab12.4\Lab12.4\Lab12.4.cpp(109,11): warning C4566: character represented by universal-character-name '\u0430' cannot be represented in the current code page (1252)
C:\Users\Oleg\source\repos\Lab12.4\Lab12.4\Lab12.4.cpp(109,11): warning C4566: character represented by universal-character-name '\u0447' cannot be represented in the current code page (1252)
C:\Users\Oleg\source\repos\Lab12.4\Lab12.4\Lab12.4.cpp(109,11): warning C4566: character represented by universal-character-name '\u044F' cannot be represented in the current code page (1252)
  Lab12.4.vcxproj -> C:\Users\Oleg\source\repos\Lab12.4\Debug\Lab12.4.exe
